INFO  2016-02-22 17:31:49,859 (Saros.java:220) Starting Saros 14.10.31 running:
  Java Version: 1.8.0_66
  Java Vendor: Oracle Corporation
  Eclipse Runtime Version: 3.11.1.v20150903-1804
  Operating System: Mac OS X (10.11.3)
  Hardware Architecture: x86_64
INFO  2016-02-22 17:31:49,938 (SarosContext.java:153) creating Saros runtime context...
DEBUG 2016-02-22 17:31:49,982 (XMPPAccountStore.java:117) loading accounts from file: /Users/Kristoffer/.saros/config.dat
DEBUG 2016-02-22 17:31:50,202 (XMPPAccountStore.java:176) loaded 1 account(s)
INFO  2016-02-22 17:31:50,390 (SarosContext.java:199) successfully created Saros runtime context
DEBUG 2016-02-22 17:31:50,567 (DataTransferManager.java:467) used transport order for the current XMPP connection: [XMPP-Socks5-Transport, XMPP-IBB-Transport]
INFO  2016-02-22 17:31:50,594 (PreferenceInitializer.java:50) initializing preference default values
DEBUG 2016-02-22 17:31:50,648 (SarosAnnotation.java:117) resetting annotation colors
DEBUG 2016-02-22 17:31:50,720 (Saros.java:430) skipping conversion of old XMPP accounts, because there are already new ones
DEBUG 2016-02-22 17:31:55,067 (SharedDocumentProvider.java:77) SharedDocumentProvider created by Eclipse
DEBUG 2016-02-22 17:31:59,320 (WhiteboardManager.java:194) WhiteboardManager instantiated
DEBUG 2016-02-22 17:31:59,466 (DocumentRecord.java:93) Added Node: attr(145615871942154509) name=svg
DEBUG 2016-02-22 17:31:59,467 (XMPPConnectionService.java:439) started Socks5 proxy on port: 7777 [listening on all interfaces]
DEBUG 2016-02-22 17:31:59,469 (XMPPConnectionService.java:459) using autodetected addresses: [10.2.6.199, fe80:0:0:0:b4a4:9eff:fef0:6819%awdl0, fe80:0:0:0:3e15:c2ff:fec5:9cb4%en0]
DEBUG 2016-02-22 17:31:59,478 (XMPPConnectionService.java:398)  new connection state == CONNECTING
DEBUG 2016-02-22 17:32:02,761 (XMPPConnectionService.java:398) ellumination@saros-con.imp.fu-berlin.de/Saros new connection state == CONNECTED
DEBUG 2016-02-22 17:32:02,761 (DataTransferManager.java:467) used transport order for the current XMPP connection: [XMPP-Socks5-Transport, XMPP-IBB-Transport]
DEBUG 2016-02-22 17:32:02,764 (SkypeManager.java:289) Refreshing Skype username cache...
WARN  2016-02-22 17:32:09,690 (StunServiceImpl.java:420) received no response from STUN server stunserver.org/69.172.201.208:3478 at local address /10.2.6.199:0
DEBUG 2016-02-22 17:51:49,821 (XMPPConnectionService.java:398) ellumination@saros-con.imp.fu-berlin.de/Saros new connection state == DISCONNECTING
DEBUG 2016-02-22 17:51:49,986 (XMPPConnectionService.java:398)  new connection state == NOT_CONNECTED
DEBUG 2016-02-22 17:51:49,986 (UPnPServiceImpl.java:295) deleting existing port mappings
