INFO  2016-02-07 15:22:42,333 (Saros.java:220) Starting Saros 14.10.31 running:
  Java Version: 1.8.0_66
  Java Vendor: Oracle Corporation
  Eclipse Runtime Version: 3.11.1.v20150903-1804
  Operating System: Mac OS X (10.11.3)
  Hardware Architecture: x86_64
INFO  2016-02-07 15:22:42,423 (SarosContext.java:153) creating Saros runtime context...
DEBUG 2016-02-07 15:22:42,477 (XMPPAccountStore.java:117) loading accounts from file: /Users/Kristoffer/.saros/config.dat
DEBUG 2016-02-07 15:22:42,841 (XMPPAccountStore.java:176) loaded 1 account(s)
INFO  2016-02-07 15:22:43,085 (SarosContext.java:199) successfully created Saros runtime context
DEBUG 2016-02-07 15:22:43,317 (DataTransferManager.java:467) used transport order for the current XMPP connection: [XMPP-Socks5-Transport, XMPP-IBB-Transport]
INFO  2016-02-07 15:22:43,349 (PreferenceInitializer.java:50) initializing preference default values
DEBUG 2016-02-07 15:22:43,431 (SarosAnnotation.java:117) resetting annotation colors
DEBUG 2016-02-07 15:22:43,574 (Saros.java:430) skipping conversion of old XMPP accounts, because there are already new ones
DEBUG 2016-02-07 15:22:50,848 (SharedDocumentProvider.java:77) SharedDocumentProvider created by Eclipse
DEBUG 2016-02-07 15:22:58,030 (WhiteboardManager.java:194) WhiteboardManager instantiated
DEBUG 2016-02-07 15:22:58,154 (DocumentRecord.java:93) Added Node: attr(145485497813960948) name=svg
DEBUG 2016-02-07 15:22:58,224 (XMPPConnectionService.java:439) started Socks5 proxy on port: 7777 [listening on all interfaces]
DEBUG 2016-02-07 15:22:58,227 (XMPPConnectionService.java:459) using autodetected addresses: [192.168.0.2, fe80:0:0:0:cca4:e7ff:feec:b7a1%awdl0, fe80:0:0:0:3e15:c2ff:fec5:9cb4%en0]
DEBUG 2016-02-07 15:22:58,235 (XMPPConnectionService.java:398)  new connection state == CONNECTING
DEBUG 2016-02-07 15:22:59,729 (XMPPConnectionService.java:398) ellumination@saros-con.imp.fu-berlin.de/Saros new connection state == CONNECTED
DEBUG 2016-02-07 15:22:59,729 (DataTransferManager.java:467) used transport order for the current XMPP connection: [XMPP-Socks5-Transport, XMPP-IBB-Transport]
DEBUG 2016-02-07 15:22:59,732 (SkypeManager.java:289) Refreshing Skype username cache...
WARN  2016-02-07 15:23:08,307 (StunServiceImpl.java:420) received no response from STUN server stunserver.org/69.172.201.208:3478 at local address /192.168.0.2:0
DEBUG 2016-02-07 16:46:36,497 (DiscoveryManager.java:382) Inserted DiscoveryInfo into Cache for: pierreleidbring@saros-con.imp.fu-berlin.de/Saros
DEBUG 2016-02-07 17:26:37,998 (DiscoveryManager.java:98) clearing cache entry of contact pierreleidbring@saros-con.imp.fu-berlin.de/Saros: <query xmlns="http://jabber.org/protocol/disco#info"><identity category="client" name="Smack" type="pc"/><feature var="http://jabber.org/protocol/disco#items"/><feature var="urn:xmpp:ping"/><feature var="jabber:iq:last"/><feature var="http://jabber.org/protocol/commands"/><feature var="http://jabber.org/protocol/muc"/><feature var="http://jabber.org/protocol/bytestreams"/><feature var="http://jabber.org/protocol/xhtml-im"/><feature var="de.fu_berlin.inf.dpp"/><feature var="http://jabber.org/protocol/chatstates"/><feature var="http://jabber.org/protocol/disco#info"/></query>
DEBUG 2016-02-07 17:26:38,121 (DiscoveryManager.java:382) Inserted DiscoveryInfo into Cache for: pierreleidbring@saros-con.imp.fu-berlin.de/Saros
DEBUG 2016-02-07 17:27:22,951 (DiscoveryManager.java:98) clearing cache entry of contact pierreleidbring@saros-con.imp.fu-berlin.de/Saros: <query xmlns="http://jabber.org/protocol/disco#info"><identity category="client" name="Smack" type="pc"/><feature var="http://jabber.org/protocol/disco#items"/><feature var="urn:xmpp:ping"/><feature var="jabber:iq:last"/><feature var="http://jabber.org/protocol/commands"/><feature var="http://jabber.org/protocol/muc"/><feature var="http://jabber.org/protocol/bytestreams"/><feature var="http://jabber.org/protocol/xhtml-im"/><feature var="de.fu_berlin.inf.dpp"/><feature var="http://jabber.org/protocol/chatstates"/><feature var="http://jabber.org/protocol/disco#info"/></query>
DEBUG 2016-02-07 17:27:33,106 (DiscoveryManager.java:382) Inserted DiscoveryInfo into Cache for: pierreleidbring@saros-con.imp.fu-berlin.de/Saros
DEBUG 2016-02-07 17:27:50,146 (DiscoveryManager.java:98) clearing cache entry of contact pierreleidbring@saros-con.imp.fu-berlin.de/Saros: <query xmlns="http://jabber.org/protocol/disco#info"><identity category="client" name="Smack" type="pc"/><feature var="http://jabber.org/protocol/disco#items"/><feature var="http://jabber.org/protocol/bytestreams"/><feature var="http://jabber.org/protocol/ibb"/><feature var="http://jabber.org/protocol/si"/><feature var="http://jabber.org/protocol/xhtml-im"/><feature var="http://jabber.org/protocol/chatstates"/><feature var="http://jabber.org/protocol/si/profile/file-transfer"/><feature var="urn:xmpp:ping"/><feature var="jabber:iq:last"/><feature var="http://jabber.org/protocol/commands"/><feature var="http://jabber.org/protocol/muc"/><feature var="de.fu_berlin.inf.dpp"/><feature var="http://jabber.org/protocol/disco#info"/></query>
DEBUG 2016-02-07 17:27:58,588 (DiscoveryManager.java:382) Inserted DiscoveryInfo into Cache for: pierreleidbring@saros-con.imp.fu-berlin.de/Saros
DEBUG 2016-02-07 17:30:31,263 (DiscoveryManager.java:98) clearing cache entry of contact pierreleidbring@saros-con.imp.fu-berlin.de/Saros: <query xmlns="http://jabber.org/protocol/disco#info"><identity category="client" name="Smack" type="pc"/><feature var="http://jabber.org/protocol/disco#items"/><feature var="urn:xmpp:ping"/><feature var="jabber:iq:last"/><feature var="http://jabber.org/protocol/commands"/><feature var="http://jabber.org/protocol/muc"/><feature var="http://jabber.org/protocol/bytestreams"/><feature var="http://jabber.org/protocol/xhtml-im"/><feature var="de.fu_berlin.inf.dpp"/><feature var="http://jabber.org/protocol/chatstates"/><feature var="http://jabber.org/protocol/disco#info"/></query>
DEBUG 2016-02-07 18:04:11,671 (XMPPConnectionService.java:398) ellumination@saros-con.imp.fu-berlin.de/Saros new connection state == DISCONNECTING
DEBUG 2016-02-07 18:04:11,833 (XMPPConnectionService.java:398)  new connection state == NOT_CONNECTED
DEBUG 2016-02-07 18:04:11,834 (UPnPServiceImpl.java:295) deleting existing port mappings
