INFO  2016-02-18 21:33:27,821 (Saros.java:220) Starting Saros 14.10.31 running:
  Java Version: 1.8.0_66
  Java Vendor: Oracle Corporation
  Eclipse Runtime Version: 3.11.1.v20150903-1804
  Operating System: Mac OS X (10.11.3)
  Hardware Architecture: x86_64
INFO  2016-02-18 21:33:27,893 (SarosContext.java:153) creating Saros runtime context...
DEBUG 2016-02-18 21:33:27,949 (XMPPAccountStore.java:117) loading accounts from file: /Users/Kristoffer/.saros/config.dat
DEBUG 2016-02-18 21:33:28,373 (XMPPAccountStore.java:176) loaded 1 account(s)
INFO  2016-02-18 21:33:28,811 (SarosContext.java:199) successfully created Saros runtime context
DEBUG 2016-02-18 21:33:28,846 (DataTransferManager.java:467) used transport order for the current XMPP connection: [XMPP-Socks5-Transport, XMPP-IBB-Transport]
INFO  2016-02-18 21:33:28,877 (PreferenceInitializer.java:50) initializing preference default values
DEBUG 2016-02-18 21:33:28,982 (SarosAnnotation.java:117) resetting annotation colors
DEBUG 2016-02-18 21:33:29,146 (Saros.java:430) skipping conversion of old XMPP accounts, because there are already new ones
DEBUG 2016-02-18 21:33:35,012 (SharedDocumentProvider.java:77) SharedDocumentProvider created by Eclipse
DEBUG 2016-02-18 21:33:41,571 (WhiteboardManager.java:194) WhiteboardManager instantiated
DEBUG 2016-02-18 21:33:41,686 (DocumentRecord.java:93) Added Node: attr(145582762167619472) name=svg
DEBUG 2016-02-18 21:33:41,798 (XMPPConnectionService.java:439) started Socks5 proxy on port: 7777 [listening on all interfaces]
DEBUG 2016-02-18 21:33:41,801 (XMPPConnectionService.java:459) using autodetected addresses: [192.168.0.2, fe80:0:0:0:a0b9:cbff:fe58:99b7%awdl0, fe80:0:0:0:3e15:c2ff:fec5:9cb4%en0]
DEBUG 2016-02-18 21:33:41,811 (XMPPConnectionService.java:398)  new connection state == CONNECTING
DEBUG 2016-02-18 21:33:43,083 (XMPPConnectionService.java:398) ellumination@saros-con.imp.fu-berlin.de/Saros new connection state == CONNECTED
DEBUG 2016-02-18 21:33:43,084 (DataTransferManager.java:467) used transport order for the current XMPP connection: [XMPP-Socks5-Transport, XMPP-IBB-Transport]
DEBUG 2016-02-18 21:33:43,087 (SkypeManager.java:289) Refreshing Skype username cache...
WARN  2016-02-18 21:33:51,924 (StunServiceImpl.java:420) received no response from STUN server stunserver.org/69.172.201.208:3478 at local address /192.168.0.2:0
DEBUG 2016-02-18 21:34:12,252 (XMPPConnectionService.java:398) ellumination@saros-con.imp.fu-berlin.de/Saros new connection state == DISCONNECTING
DEBUG 2016-02-18 21:34:12,412 (XMPPConnectionService.java:398)  new connection state == NOT_CONNECTED
DEBUG 2016-02-18 21:34:12,413 (UPnPServiceImpl.java:295) deleting existing port mappings
