INFO  2016-01-27 10:19:32,649 (Saros.java:220) Starting Saros 14.10.31 running:
  Java Version: 1.8.0_66
  Java Vendor: Oracle Corporation
  Eclipse Runtime Version: 3.11.1.v20150903-1804
  Operating System: Mac OS X (10.11.3)
  Hardware Architecture: x86_64
INFO  2016-01-27 10:19:32,686 (SarosContext.java:153) creating Saros runtime context...
DEBUG 2016-01-27 10:19:32,722 (XMPPAccountStore.java:117) loading accounts from file: /Users/Kristoffer/.saros/config.dat
DEBUG 2016-01-27 10:19:32,924 (XMPPAccountStore.java:176) loaded 1 account(s)
INFO  2016-01-27 10:19:33,102 (SarosContext.java:199) successfully created Saros runtime context
DEBUG 2016-01-27 10:19:33,280 (DataTransferManager.java:467) used transport order for the current XMPP connection: [XMPP-Socks5-Transport, XMPP-IBB-Transport]
INFO  2016-01-27 10:19:33,307 (PreferenceInitializer.java:50) initializing preference default values
DEBUG 2016-01-27 10:19:33,372 (SarosAnnotation.java:117) resetting annotation colors
DEBUG 2016-01-27 10:19:33,479 (Saros.java:430) skipping conversion of old XMPP accounts, because there are already new ones
DEBUG 2016-01-27 10:19:37,055 (SharedDocumentProvider.java:77) SharedDocumentProvider created by Eclipse
DEBUG 2016-01-27 10:19:41,926 (WhiteboardManager.java:194) WhiteboardManager instantiated
DEBUG 2016-01-27 10:19:41,948 (DocumentRecord.java:93) Added Node: attr(145388638194414335) name=svg
DEBUG 2016-01-27 10:19:42,044 (XMPPConnectionService.java:439) started Socks5 proxy on port: 7777 [listening on all interfaces]
DEBUG 2016-01-27 10:19:42,046 (XMPPConnectionService.java:459) using autodetected addresses: [10.2.6.199, fe80:0:0:0:cca4:e7ff:feec:b7a1%awdl0, fe80:0:0:0:3e15:c2ff:fec5:9cb4%en0]
DEBUG 2016-01-27 10:19:42,056 (XMPPConnectionService.java:398)  new connection state == CONNECTING
DEBUG 2016-01-27 10:19:43,426 (XMPPConnectionService.java:398) ellumination@saros-con.imp.fu-berlin.de/Saros new connection state == CONNECTED
DEBUG 2016-01-27 10:19:43,426 (DataTransferManager.java:467) used transport order for the current XMPP connection: [XMPP-Socks5-Transport, XMPP-IBB-Transport]
DEBUG 2016-01-27 10:19:43,430 (SkypeManager.java:289) Refreshing Skype username cache...
WARN  2016-01-27 10:19:52,616 (StunServiceImpl.java:420) received no response from STUN server stunserver.org/69.172.201.208:3478 at local address /10.2.6.199:0
DEBUG 2016-01-27 10:28:22,256 (XMPPConnectionService.java:398) ellumination@saros-con.imp.fu-berlin.de/Saros new connection state == DISCONNECTING
DEBUG 2016-01-27 10:28:22,416 (XMPPConnectionService.java:398)  new connection state == NOT_CONNECTED
DEBUG 2016-01-27 10:28:22,417 (UPnPServiceImpl.java:295) deleting existing port mappings
