INFO  2016-02-03 10:18:17,017 (Saros.java:220) Starting Saros 14.10.31 running:
  Java Version: 1.8.0_66
  Java Vendor: Oracle Corporation
  Eclipse Runtime Version: 3.11.1.v20150903-1804
  Operating System: Mac OS X (10.11.3)
  Hardware Architecture: x86_64
INFO  2016-02-03 10:18:17,101 (SarosContext.java:153) creating Saros runtime context...
DEBUG 2016-02-03 10:18:17,152 (XMPPAccountStore.java:117) loading accounts from file: /Users/Kristoffer/.saros/config.dat
DEBUG 2016-02-03 10:18:17,489 (XMPPAccountStore.java:176) loaded 1 account(s)
INFO  2016-02-03 10:18:17,906 (SarosContext.java:199) successfully created Saros runtime context
DEBUG 2016-02-03 10:18:17,946 (DataTransferManager.java:467) used transport order for the current XMPP connection: [XMPP-Socks5-Transport, XMPP-IBB-Transport]
INFO  2016-02-03 10:18:17,982 (PreferenceInitializer.java:50) initializing preference default values
DEBUG 2016-02-03 10:18:18,078 (SarosAnnotation.java:117) resetting annotation colors
DEBUG 2016-02-03 10:18:18,194 (Saros.java:430) skipping conversion of old XMPP accounts, because there are already new ones
DEBUG 2016-02-03 10:18:24,102 (SharedDocumentProvider.java:77) SharedDocumentProvider created by Eclipse
DEBUG 2016-02-03 10:18:31,348 (WhiteboardManager.java:194) WhiteboardManager instantiated
DEBUG 2016-02-03 10:18:31,467 (DocumentRecord.java:93) Added Node: attr(145449111145990353) name=svg
DEBUG 2016-02-03 10:18:31,540 (XMPPConnectionService.java:439) started Socks5 proxy on port: 7777 [listening on all interfaces]
DEBUG 2016-02-03 10:18:31,543 (XMPPConnectionService.java:459) using autodetected addresses: [10.2.6.199, fe80:0:0:0:cca4:e7ff:feec:b7a1%awdl0, fe80:0:0:0:3e15:c2ff:fec5:9cb4%en0]
DEBUG 2016-02-03 10:18:31,553 (XMPPConnectionService.java:398)  new connection state == CONNECTING
DEBUG 2016-02-03 10:18:34,649 (XMPPConnectionService.java:398) ellumination@saros-con.imp.fu-berlin.de/Saros new connection state == CONNECTED
DEBUG 2016-02-03 10:18:34,649 (DataTransferManager.java:467) used transport order for the current XMPP connection: [XMPP-Socks5-Transport, XMPP-IBB-Transport]
DEBUG 2016-02-03 10:18:34,650 (SkypeManager.java:289) Refreshing Skype username cache...
WARN  2016-02-03 10:18:41,758 (StunServiceImpl.java:420) received no response from STUN server stunserver.org/69.172.201.208:3478 at local address /10.2.6.199:0
DEBUG 2016-02-03 11:02:00,282 (XMPPConnectionService.java:398) ellumination@saros-con.imp.fu-berlin.de/Saros new connection state == DISCONNECTING
DEBUG 2016-02-03 11:02:00,440 (XMPPConnectionService.java:398)  new connection state == NOT_CONNECTED
DEBUG 2016-02-03 11:02:00,442 (UPnPServiceImpl.java:295) deleting existing port mappings
